0 info it worked if it ends with ok
1 verbose cli [ '/Users/jackh/.nvm/versions/node/v4.2.1/bin/node',
1 verbose cli   '/Users/jackh/.nvm/versions/node/v4.2.1/bin/npm',
1 verbose cli   'publish',
1 verbose cli   '-f' ]
2 info using npm@2.14.7
3 info using node@v4.2.1
4 warn using --force I sure hope you know what you are doing.
5 verbose publish [ '.' ]
6 silly cache add args [ '.', null ]
7 verbose cache add spec .
8 silly cache add parsed spec Result {
8 silly cache add   raw: '.',
8 silly cache add   scope: null,
8 silly cache add   name: null,
8 silly cache add   rawSpec: '.',
8 silly cache add   spec: '/Users/jackh/src/react-native-parallax-listview',
8 silly cache add   type: 'directory' }
9 verbose addLocalDirectory /Users/jackh/.npm/react-native-parallax-scroll-view/0.16.9/package.tgz not in flight; packing
10 verbose tar pack [ '/Users/jackh/.npm/react-native-parallax-scroll-view/0.16.9/package.tgz',
10 verbose tar pack   '/Users/jackh/src/react-native-parallax-listview' ]
11 verbose tarball /Users/jackh/.npm/react-native-parallax-scroll-view/0.16.9/package.tgz
12 verbose folder /Users/jackh/src/react-native-parallax-listview
13 info prepublish react-native-parallax-scroll-view@0.16.9
14 verbose addLocalTarball adding from inside cache /Users/jackh/.npm/react-native-parallax-scroll-view/0.16.9/package.tgz
15 silly cache afterAdd react-native-parallax-scroll-view@0.16.9
16 verbose afterAdd /Users/jackh/.npm/react-native-parallax-scroll-view/0.16.9/package/package.json not in flight; writing
17 verbose afterAdd /Users/jackh/.npm/react-native-parallax-scroll-view/0.16.9/package/package.json written
18 silly publish { name: 'react-native-parallax-scroll-view',
18 silly publish   version: '0.16.9',
18 silly publish   description: 'A ScrollView-like component with parallax and sticky header support',
18 silly publish   main: 'index.js',
18 silly publish   repository:
18 silly publish    { type: 'git',
18 silly publish      url: 'git+https://github.com/jaysoo/react-native-parallax-listview.git' },
18 silly publish   files: [ 'index', 'parallax-ios.gif', 'README.md', 'LICENSE' ],
18 silly publish   keywords:
18 silly publish    [ 'react-native',
18 silly publish      'react',
18 silly publish      'parallax',
18 silly publish      'scrollable',
18 silly publish      'scrollview',
18 silly publish      'sticky',
18 silly publish      'react-component',
18 silly publish      'ios',
18 silly publish      'android' ],
18 silly publish   author: { name: 'Jack Hsu' },
18 silly publish   license: 'ISC',
18 silly publish   readme: '# react-native-parallax-scroll-view\n\nA `ScrollView`-like component with parallax and sticky header support.\n\n\n\nTested with react-native 0.16.0 on Android and iOS.\n\n## Installation\n\n```\n$ npm install react-native-parallax-scroll-view --save\n```\n\n## Demo\n\n![](./parallax-scroll-view-ios.gif)\n\n## Basic Usage\n\n```js\nimport ParallaxScrollView from \'react-native-parallax-scroll-view\';\n\n// Inside of a component\'s render() method:\nrender() {\n  return (\n    <ParallaxScrollView\n      headerBackgroundColor="blue"\n      contentBackgroundColor="pink"\n      parallaxHeaderHeight={300}\n      renderParallaxHeader={() => (\n       <View style={{ height: 300, flex: 1, alignItems: \'center\', justifyContent: \'center\' }}>\n          <Text>Hello World!</Text>\n        </View>\n      )}>\n      <View style={{ height: 500 }}>\n        <Text>Scroll me</Text>\n      </View>\n    </ParallaxScrollView>\n  );\n}\n```\n\n## Examples\n\nPlease refer to the [Example](./Example/example.js) provided to see how `ParallaxScrollView` can be used in\ncombination with `ListView`.\n\nThe [Android example](./Example/index.android.js) shows how you can use `PullToRefreshViewAndroid` with `ParallaxScrollView`.\n\n## Usage (API)\n\nAll of the properties of `ParallaxScrollView` are supported. Please refer to the\n[`ParallaxScrollView` documentation](https://facebook.github.io/react-native/docs/scrollview.html) for more detail.\n\nThe `ParallaxScrollView` component adds a few additional properties, as described below.\n\n| Property | Type | Required | Default | Description |\n| -------- | ---- | -------- | ------- | ----------- |\n| `renderParallaxHeader` |  `func` | Yes | N/A | This renders the parallax header above the background. |\n| `parallaxHeaderHeight` | `number` | Yes | This is the height of parallax header. |\n| `headerBackgroundColor` | `string` | No | `\'#000\'` | This is the background color of the sticky header, and also used as parallax header background color if `renderBackground` is not provided. |\n| `contentBackgroundColor` | `string` | No | `\'#fff\'` | This is the background color of the content. |\n| `renderBackground` | `func` | No | Opaque background using `backgroundColor`. | This renders the background of the parallax header. Can be used to display cover images for example. |\n| `renderStickyHeader` | `func` | No | N/A | This renders an optional sticky header that will stick to the top of view when parallax header scrolls up. |\n| `stickyHeaderHeight` | `number` | If `renderStickyHeader` is used | 0 | If `renderStickyHeader` is set, then its height must be specified. |\n| `renderFixedHeader` | `func` | No | N/A | This renders an optional fixed header that will always be visible and fixed to the top of the view (and sticky header). You must set its height and width appropriately. |\n',
18 silly publish   readmeFilename: 'README.md',
18 silly publish   gitHead: '174dce84786db09622b816aff9c553c0ecac3a5a',
18 silly publish   bugs: { url: 'https://github.com/jaysoo/react-native-parallax-listview/issues' },
18 silly publish   homepage: 'https://github.com/jaysoo/react-native-parallax-listview#readme',
18 silly publish   _id: 'react-native-parallax-scroll-view@0.16.9',
18 silly publish   scripts: {},
18 silly publish   _shasum: '3d346125ea3fca7c519e47f11b336a9b9aa18e8b',
18 silly publish   _from: '.' }
19 verbose getPublishConfig undefined
20 silly mapToRegistry name react-native-parallax-scroll-view
21 silly mapToRegistry using default registry
22 silly mapToRegistry registry https://registry.npmjs.org/
23 silly mapToRegistry uri https://registry.npmjs.org/react-native-parallax-scroll-view
24 verbose publish registryBase https://registry.npmjs.org/
25 silly publish uploading /Users/jackh/.npm/react-native-parallax-scroll-view/0.16.9/package.tgz
26 verbose request uri https://registry.npmjs.org/react-native-parallax-scroll-view
27 verbose request sending authorization for write operation
28 info attempt registry request try #1 at 10:15:25 PM
29 verbose request using bearer token for auth
30 verbose request id f002a09071503c76
31 http request PUT https://registry.npmjs.org/react-native-parallax-scroll-view
32 http 403 https://registry.npmjs.org/react-native-parallax-scroll-view
33 verbose headers { 'content-type': 'application/json',
33 verbose headers   'cache-control': 'max-age=300',
33 verbose headers   'content-length': '96',
33 verbose headers   'accept-ranges': 'bytes',
33 verbose headers   date: 'Wed, 16 Dec 2015 03:15:26 GMT',
33 verbose headers   via: '1.1 varnish',
33 verbose headers   connection: 'keep-alive',
33 verbose headers   'x-served-by': 'cache-iad2131-IAD',
33 verbose headers   'x-cache': 'MISS',
33 verbose headers   'x-cache-hits': '0',
33 verbose headers   'x-timer': 'S1450235725.810716,VS0,VE718' }
34 verbose request invalidating /Users/jackh/.npm/registry.npmjs.org/react-native-parallax-scroll-view on PUT
35 error publish Failed PUT 403
36 verbose stack Error: "You cannot publish over the previously published version 0.16.9." : react-native-parallax-scroll-view
36 verbose stack     at makeError (/Users/jackh/.nvm/versions/node/v4.2.1/lib/node_modules/npm/node_modules/npm-registry-client/lib/request.js:264:12)
36 verbose stack     at CachingRegistryClient.<anonymous> (/Users/jackh/.nvm/versions/node/v4.2.1/lib/node_modules/npm/node_modules/npm-registry-client/lib/request.js:252:14)
36 verbose stack     at Request._callback (/Users/jackh/.nvm/versions/node/v4.2.1/lib/node_modules/npm/node_modules/npm-registry-client/lib/request.js:172:14)
36 verbose stack     at Request.self.callback (/Users/jackh/.nvm/versions/node/v4.2.1/lib/node_modules/npm/node_modules/request/request.js:198:22)
36 verbose stack     at emitTwo (events.js:87:13)
36 verbose stack     at Request.emit (events.js:172:7)
36 verbose stack     at Request.<anonymous> (/Users/jackh/.nvm/versions/node/v4.2.1/lib/node_modules/npm/node_modules/request/request.js:1063:14)
36 verbose stack     at emitOne (events.js:82:20)
36 verbose stack     at Request.emit (events.js:169:7)
36 verbose stack     at IncomingMessage.<anonymous> (/Users/jackh/.nvm/versions/node/v4.2.1/lib/node_modules/npm/node_modules/request/request.js:1009:12)
37 verbose statusCode 403
38 verbose pkgid react-native-parallax-scroll-view
39 verbose cwd /Users/jackh/src/react-native-parallax-listview
40 error Darwin 15.0.0
41 error argv "/Users/jackh/.nvm/versions/node/v4.2.1/bin/node" "/Users/jackh/.nvm/versions/node/v4.2.1/bin/npm" "publish" "-f"
42 error node v4.2.1
43 error npm  v2.14.7
44 error code E403
45 error "You cannot publish over the previously published version 0.16.9." : react-native-parallax-scroll-view
46 error If you need help, you may report this error at:
46 error     <https://github.com/npm/npm/issues>
47 verbose exit [ 1, true ]
